[   0.0000]Liux vrson 4.5.-36-generic (bildd@l01-ad6-031 (cc ersion 7.3.0 (Ubuntu 7.3.0-16ubuntu3)) #39-Ubuntu SMP Mon Sep 24 16:19:09 UTC 2018 (Ubuntu 4.15.0-36.39-generic 4.15.18)
[    0.000000] Command line: BOOT_IMAGE=/boot/vmlinuz-4.15.0-36-generic root=LABEL=cloudimg-rootfs ro console=tty1 console=ttyS0
[   0.0000] KENE supportedcpus
    .000000]  Intel GenuinIntel
[   0.00000]   AD uthenicMD
[    0.000000]   entaur entaurHauls
[    0.000000]x86/fpu: Supportin XAVE feature x001: '7 floati poit egisers'[    .0000]x86/fp: upprtng XSAVE feaure x02:'SSE reisters'
[    0.000000] x86/fpu: Supporting XSAVE feature 0x004: 'AVX registers'
[    0.000000] x86/fpu: xstate_offset[2]:  576, xsate_izes[2]:  256
[    0.000000] x86/fpu: Enabled xstate features 0x7, context size is 832 bytes, using 'standard' format.
[    0.000000] e820: BIOS-provided physical RAM map:
[    0.000000] BIOS-e820: [mem 0x0000000000000000-0x000000000009fbff] usable
[    0.000000] BIOS-e820: [mem 0x000000000009fc00-0x000000000009ffff] reserved
[    0.000000] BIOS-e820: [mem 0x00000000000f0000-0x00000000000fffff] reserved
[    0.000000 BIOS820: me 0x00000000100000-0x000000003ffeffff] usabe
[  0.00000] IOS-e82: mem x00000003fff000-0x0000003fffff] ACPI data
[   .00000]BIOS-e820: [em0x00000000fec00000-0x00000000fec00fff] reerved
[   0.00000] BIOS-e820 [mem 0x0000000fee0000-0x00000000fee00fff] reserved
[    0.000000] BIOS-e820: [mem 0x00000000fffc0000-0x00000000ffffffff] reserved
[    0.000000] NX (Execute Disable) protection: active
[    0.000000] SMBIOS 2.5 present.
[    0.000000] DMI: innotek GmbH VirtualBox/VirtualBox, BIOS VirtualBox 12/01/2006
[    0.000000] Hypervisor detected: KVM
[    0.000000] e820: last_pfn = 0x3fff0 max_arch_pfn = 0x400000000
[    0.000000] MTRR: Disabled
[    0.000000] x86/PAT: MTRRs disabled, skipping PAT initialization too.
[    0.000000] CPU MTRRs all bla - vrtalized systm.
[  0.0000] x86/AT Conigraton[0-7: WB  WT  UC- UC  WB  WT  UC- UC  
[    0.000000] found SMP MP-table at [mem 0x0009fff0-0x0009ffff] mapped at [        (ptrval)]
[    0.000000] Scanning 1 areas for low memory corruption
[    0.000000]RAMIS: [me 035a300-0x36d68ff]
[   .0000] ACPI: Earlyable checksumveifiation disabled
[    0.000000] ACPI: RSDP 0x00000000000E0000 000024 (v02 VBOX  )
[    0.000000] ACPI: XSDT 0x000000003FFF0030 00003C (v01 VBOX   VBOXXSDT 00000001 ASL  00000061)
[    0.000000] ACPI: FACP 0x000000003FFF00F0 0000F4 (v04 VBOX   VBOXFACP 00000001 ASL  00000061)
[    0.000000] ACPI: DSDT 0x000000003FFF0470 0021FF (v02 VBOX   VBOXBIOS 00000002 INTL 20100528)
[    0.000000] ACPI: FACS 0x000000003FFF0200 000040
[    0.000000] ACPI: FACS 0x000000003FFF0200 000040
[    0.000000] ACPI: APIC 0x000000003FFF0240 00005C (v02 VBOX   VBOXAPIC 00000001 ASL  00000061)
[   0.0000] AC: SSDT 0x000000003FF02A0 00CC (v0 VBOX   VBOXCPUT 00000002 INTL 20100528)
[    0.000000] No NUMA configuration found
[    0.000000] Faking a node at [mem 0x0000000000000000-0x000000003ffeffff]
[    0.000000] NODE_DATA(0) allocated [mem 0x3ffc5000-0x3ffeffff]
[    0.000000] kvm-clock: cpu 0, msr 0:3ff44001, primary cpu clock
[    0.000000] kvm-clock: Using msrs 4b564d01 and 4b564d00
[    0.000000] kvm-clock: using sched offset of 3634585515 cycles
[    0.000000] clocksource: kvm-clock: mask: 0xffffffffffffffff max_cycles: 0x1cd42e4dffb, max_idle_ns: 881590591483 ns
[    0.000000] Zone rnges:
[    0.000000]   DMA      [mem 0x0000000000001000-0x000000000fffff]
[   .0000]   DMA32    [mem 0x0000000100000-0x000000003ffeffff]
[    0.000000]   Normal   empty
[    0.000000]   Device   empty
[    0.000000] Movable zone start for each node
[    0.000000] Early memory node ranges
[    0.000000]   node   0: [mem 0x0000000000001000-0x000000000009efff]
[    0.000000]   node   0: [mem 0x0000000000100000-0x000000003ffeffff]
[    0.000000] Initmem setup node 0 [mem 0x0000000000001000-0x000000003ffeffff]
[    0.000000] Reserved but unavailable: 98 pages
[    0.000000] ACPI: PM-Timer IO Port: 0x4008
[    0.000000] IOAPIC[0]: apic_id 2, version 32, address0xfec0000 GI 0-23
    0.000000] ACPI: INT_SRC_OVR(bus 0 bus_ir 0 global_irq 2 dfl dfl)
[    0.000000] ACPI: INT_SRC_OVR (bus 0 bus_irq 9 global_irq 9 low level)
[    0.000000] Using ACPI (MADT) for SMP configuration information
[    0.000000] smpboot: Allowing 2 CPUs, 0 hotplug CPUs
[    0.000000] PM: Registered nosave memory: [mem 0x00000000-0x00000fff]
[    0.000000] PM: Registered nosave memory: [mem 0x0009f000-0x0009ffff]
[    0.000000] PM: Registered nosave memory: [mem 0x000a0000-0x000effff]
[    0.000000] PM: Registered nosave memory: [mem 0x000f0000-0x000fffff]
[    0.000000] e820: [mem 0x40000000-0xfebfffff] available for CIdevies
[    0.000000] Boong paravirtualized kernel on KVM
[    .00000 closourc: efine-jffiesmask:0xfffff max_cycles: 0xffffffff, max_idle_ns: 7645519600211568 ns
[    0.000000] random: get_random_bytes called from start_kernel+0x99/0x4fd with crng_init=0
[    0.000000] setup_percpu: NR_CPUS:8192 nr_cpumask_bits:2 nr_cpu_ids:2 nr_node_ids:1
[    0.000000] percpu: Embedded 46 pages/cpu @        (ptrval) s151552 r8192 d28672 u1048576
[    0.000000] PV qspinlock hash table entries: 256 (order: 0, 4096 bytes)
[    0.000000] Built 1 zonelists, mobility grouping on.  Total pages: 257913
[    0.000000] Policy zone: DMA32
[    0.000000] Kernel command line: BOOT_IMAGE=/boot/vmlinuz-4.15.0-36-geric oo=LAEL=coudimg-ootfs ro console=tty1 console=ttyS0
[    0.000000] Memory: 9366K/10810K aaiable (130K kernel code 272K rwat, 4248K rdaa,248K ni, 2416K bss 6450K eseed, 0K cma-resved)
[   0.0000] LU: HWaign=64,Orer=0-3 MnObjcts=0, CPUs=2, Nodes=1
[    0.000000] Kernel/User page tables isolation: enabled
[    0.000000] ftrace: allocating 39168 entries in 154 pages
[    0.004000] Hierarchial RCU implementation.
[    0.004000] 	RCU restricting CPUs from NR_CPUS=8192 to nr_cpu_ids=2.
[    0.004000] 	Tasks RCU enabled.
[    0.004000] RCU: Adjusting geometry for rcu_fanout_leaf=16, nr_cp_is=2
[    0004000] N_IRQ: 2454, r_irqs: 440, preallocaedirq: 6
[  0.004000] Console: clour VGA+ 80x25
[    0.004000] console [tty1] enabled
[    0.004000] console [ttyS0] enabled
[    0.004000] ACPI: Core revision 20170831
[    0.004000] ACPI: 2 ACPI AML tables successfully acquired and loaded
[    0.004000] APIC: Switch to symmetric I/O mode setup
[    0.004000] x2apic enabled
[   0.004000] Switched APIC routing to physical x2apic.
[    0.005151] ..TIMER: vector=0x30 apic1=0 pin1=2 apic2=-1 pin2=-1
[    0.008007] tsc: Detected 1599.999 MHz processor
[    0.012014] Calibrating delay loop (skipped) preset value.. 3199.99 BogoMIPS (lpj=6399996)
[    0.016012] pid_max: default: 32768 minimum: 301
[    0.020073] Security Framework initialized
[    0.024008] Yama: becoming mindful.
[    0.028040] AppArmor: AppArmor initialized
[    0.033640] Dentry cache hash table entries: 131072 (order: 8, 1048576 bytes)
[    0.036087] Inode-cache hash table entries: 65536 (order: 7, 524288 bytes)
[    0.040024] Mount-cache hash table entries: 2048 (order: 2, 16384 bytes)
[    0.044012] Mountpoint-cache hash table entries: 2048 (order: 2, 16384 bytes)
[    0.048315] mce: CPU supports 0 MCE banks
[    0.052020] Last level iTLB entries: 4KB 64, 2MB 8, 4MB 8
[    0.056006] Last level dTLB entries: 4KB 64, 2MB 0, 4MB 0, 1GB 4
[    0.060011] Spectre V2 : Mitigation: Full generic retpoline
[    0.064004] Spectre V2 : Spectre v2 / SpectreRSB mitigation: Filling RSB on context switch
[    0.068007] Speculative Store Bypass: Vulnerable
[    0.072204] Freeing SMP alternatives memory: 36K
[    0.084000] smpboot: CPU0: Intel(R) Core(TM) i5-5250U CPU @ 1.60GHz (family: 0x6, model: 0x3d, stepping: 0x4)
[    0.084103] Performance Events: unsupported p6 CPU model 61 no PMU driver, software events only.
[    0.088078] Hierarchical SRCU implementation.
[    0.092652] NMI watchdog: Perf event create on CPU 0 failed with -2
[    0.096004] NMI watchdog: Perf NMI watchdog permanently disabled
[    0.100071] smp: Bringing up secondary CPUs ...
[    0.104113] x86: Booting SMP configuration:
[    0.108005] .... node  #0, CPUs:      #1
[    0.004000] kvm-clock: cpu 1, msr 0:3ff44041, secondary cpu clock
[    0.004000] mce: CPU supports 0 MCE banks
[    0.126579] smp: Brought up 1 node, 2 CPUs
[    0.128007] smpboot: Max logical packages: 1
[    0.132006] smpboot: Total of 2 processors activated (6399.99 BogoMIPS)
[    0.136200] devtmpfs: initialized
[    0.140147] x86/mm: Memory block size: 128MB
[    0.144438] evm: security.selinux
[    0.148012] evm: security.SMACK64
[    0.152005] evm: security.SMACK64EXEC
[    0.156004] evm: security.SMACK64TRANSMUTE
[    0.160004] evm: security.SMACK64MMAP
[    0.164004] evm: security.apparmor
[    0.168004] evm: security.ima
[    0.172003] evm: security.capability
[    0.176150] clocksource: jiffies: mask: 0xffffffff max_cycles: 0xffffffff, max_idle_ns: 7645041785100000 ns
[    0.180012] futex hash table entries: 512 (order: 3, 32768 bytes)
[    0.184089] pinctrl core: initialized pinctrl subsystem
[    0.189605] RTC time:  6:46:24, date: 10/18/18
[    0.192241] NET: Registered protocol family 16
[    0.196135] audit: initializing netlink subsys (disabled)
[    0.200057] audit: type=2000 audit(1539845179.486:1): state=initialized audit_enabled=0 res=1
[    0.344011] cpuidle: using governor ladder
[    0.348011] cpuidle: using governor menu
[    0.348971] ACPI: bus type PCI registered
[    0.352005] acpiphp: ACPI Hot Plug PCI Controller Driver version: 0.5
[    0.356120] PCI: Using configuration type 1 for base access
[    0.364808] HugeTLB registered 2.00 MiB page size, pre-allocated 0 pages
[    0.368117] ACPI: Added _OSI(Module Device)
[    0.372023] ACPI: Added _OSI(Processor Device)
[    0.376026] ACPI: Added _OSI(3.0 _SCP Extensions)
[    0.380009] ACPI: Added _OSI(Processor Aggregator Device)
[    0.384010] ACPI: Added _OSI(Linux-Dell-Video)
[    0.388041] ACPI: Added _OSI(Linux-Lenovo-NV-HDMI-Audio)
[    0.393303] ACPI: Executed 1 blocks of module-level executable AML code
[    0.415827] ACPI: Interpreter enabled
[    0.416030] ACPI: (supports S0 S5)
[    0.417079] ACPI: Using IOAPIC for interrupt routing
[    0.418685] PCI: Using host bridge windows from ACPI; if necessary, use "pci=nocrs" and report a bug
[    0.420221] ACPI: Enabled 2 GPEs in block 00 to 07
[    0.435504] ACPI: PCI Root Bridge [PCI0] (domain 0000 [bus 00-ff])
[    0.436020] acpi PNP0A03:00: _OSC: OS supports [ASPM ClockPM Segments MSI]
[    0.440309] acpi PNP0A03:00: _OSC: not requesting OS control; OS requires [ExtendedConfig ASPM ClockPM MSI]
[    0.444139] acpi PNP0A03:00: fail to add MMCONFIG information, can't access extended PCI configuration space under this bridge.
[    0.452171] PCI host bridge to bus 0000:00
[    0.456013] pci_bus 0000:00: root bus resource [io  0x0000-0x0cf7 window]
[    0.460018] pci_bus 0000:00: root bus resource [io  0x0d00-0xffff window]
[    0.464019] pci_bus 0000:00: root bus resource [mem 0x000a0000-0x000bffff window]
[    0.468009] pci_bus 0000:00: root bus resource [mem 0x40000000-0xfdffffff window]
[    0.472013] pci_bus 0000:00: root bus resource [bus 00-ff]
[    0.476697] pci 0000:00:01.1: legacy IDE quirk: reg 0x10: [io  0x01f0-0x01f7]
[    0.479857] pci 0000:00:01.1: legacy IDE quirk: reg 0x14: [io  0x03f6]
[    0.480008] pci 0000:00:01.1: legacy IDE quirk: reg 0x18: [io  0x0170-0x0177]
[    0.481773] pci 0000:00:01.1: legacy IDE quirk: reg 0x1c: [io  0x0376]
[    0.528884] pci 0000:00:07.0: quirk: [io  0x4000-0x403f] claimed by PIIX4 ACPI
[    0.532069] pci 0000:00:07.0: quirk: [io  0x4100-0x410f] claimed by PIIX4 SMB
[    0.562240] ACPI: PCI Interrupt Link [LNKA] (IRQs 5 9 10 *11)
[    0.564517] ACPI: PCI Interrupt Link [LNKB] (IRQs 5 9 *10 11)
[    0.568140] ACPI: PCI Interrupt Link [LNKC] (IRQs 5 *9 10 11)
[    0.572125] ACPI: PCI Interrupt Link [LNKD] (IRQs 5 9 10 *11)
[    0.573849] SCSI subsystem initialized
[    0.576078] pci 0000:00:02.0: vgaarb: setting as boot VGA device
[    0.580000] pci 0000:00:02.0: vgaarb: VGA device added: decodes=io+mem,owns=io+mem,locks=none
[    0.580012] pci 0000:00:02.0: vgaarb: bridge control possible
[    0.584005] vgaarb: loaded
[    0.588052] ACPI: bus type USB registered
[    0.592034] usbcore: registered new interface driver usbfs
[    0.596034] usbcore: registered new interface driver hub
[    0.600056] usbcore: registered new device driver usb
[    0.604097] EDAC MC: Ver: 3.0.0
[    0.608255] PCI: Using ACPI for IRQ routing
[    0.612308] NetLabel: Initializing
[    0.616005] NetLabel:  domain hash size = 128
[    0.620003] NetLabel:  protocols = UNLABELED CIPSOv4 CALIPSO
[    0.624029] NetLabel:  unlabeled traffic allowed by default
[    0.628107] clocksource: Switched to clocksource kvm-clock
[    0.729249] VFS: Disk quotas dquot_6.6.0
[   0.73616]VF Dotac has table entres51(oer, 96yt)  1.06] pAorApArr lestemEnle

[    21984pn P AI it[  2723]npPnAC: found  dvies
[  3788]losoceac_p mk:xfffmacyes0xff, x_idle_ns: 205701024 ns
[  4250]ETRestedrocofaly
[   .721 T eabshed hash tble entries:8192 (order: 4 65536 byes

[    5.818]CPinha tlentes81 (de 51372bytes)
  6.84] TCP: Hash tables configured (established 8192 bind 8192)

[    6.251597] UDP hash table entries: 512 (order: 2, 16384 bytes)
[    6.254198] UDP-Lite hash table entries: 512 (order: 2, 16384 bytes)
[    6.255757] NET: Reiser ptol mi 1[  6331]ci00000. LimitingdictCICIrafe
[    7.403820 p 00::00:ctatg A A hang workarounds
[    7.883904] pci 0000:00:02.0: Video device with shadowed ROM at [mem 0x000c0000-0x000dffff]

[   7.885965] Unpacking initramfs...

[    8.236952] Freeing initrd memory: 18968K
[    8.308682] platform rtc_cmos: registered platform RTC device (no PNP device found)
[    8.449384] Scanning for low memory corruption every 60 seconds
[    8.509541] Initialise system trusted keyrings
[    8.515084] Key type blacklist registered
[    8.523620] workingset: timestamp_bits=36 max_order=18 bucket_order=0
[    8.540279] zbud: loaded
[    8.542294] squashfs: version 4.0 (2009/01/31) Phillip Lougher
[    8.555674] fuse init (API version 7.26)
[    8.567316] Key type asymmetric registered
[    8.586538] Asymmetric key parser 'x509' registered
[    8.587681] Block layer SCSI generic (bsg) driver version 0.4 loaded (major 246)
[    8.621546] io scheduler noop registered
[    8.640769] io scheduler deadline registered
[    8.641800] io scheduler cfq registered (default)
[    8.643528] ACPI: AC Adapter [AC] (off-line)
[    8.679363] input: Power Button as /devices/LNXSYSTM:00/LNXPWRBN:00/input/input0
[    8.695139] ACPI: Power Button [PWRF]
[    8.709487] input: Sleep Button as /devices/LNXSYSTM:00/LNXSLPBN:00/input/input1
[    8.711640] ACPI: Sleep Button [SLPF]
[    8.714067] ACPI Bte St AT (atteryrent

[    8.71659] ri: 5065 dve, 2 rt I sri ebl
[    9.252099] 00:02: ttyS0 at I/O 0x3f8 (irq = 4, base_baud = 115200) is a 16550A
[    9.992130] Linux agpgart interface v0.103
[   10.059278] tsc: Refined TSC clocksource calibration: 1599.697 MHz
[   10.121726] clocksource: tsc: mask: 0xffffffffffffffff max_cycles: 0x170f06b1501, max_idle_ns: 440795207231 ns
[   10.250047] loop: module loaded
[   10.370128] scsi host0: ata_piix
[   10.468827] scsi host1: ata_piix
[   10.548890] ata1: PATA max UDMA/33 cmd 0x1f0 ctl 0x3f6 bmdma 0xd000 irq 14
[   10.550387] ata2: PATA max UDMA/33 cmd 0x170 ctl 0x376 bmdma 0xd008 irq 15
[   10.552035] libphy: Fixed MDIO Bus: probed
[   10.677249] tun: Universal TUN/TAP device driver, 1.6
[   10.678544] PPP generic driver version 2.4.2
[   10.701912] ehci_hcd: USB 2.0 'Enhanced' Host Controller (EHCI) Driver
[   10.711731] ehci-pci: EHCI PCI platform driver
[   10.721155] ehci-platform: EHCI generic platform driver
[   10.731924] ohci_hcd: USB 1.1 'Open' Host Controller (OHCI) Driver
[   10.743057] ohci-pci: OHCI PCI platform driver
[   10.754605] ohci-platform: OHCI generic platform driver
[   10.858686] uhci_hcd: USB Universal Host Controller Interface driver
[   11.158665] i8042: PNP: PS/2 Controller [PNP0303:PS2K,PNP0f03:PS2M] at 0x60,0x64 irq 1,12
[   11.521605] serio: i8042 KBD port at 0x60,0x64 irq 1
[   11.599381] serio: i8042 AUX port at 0x60,0x64 irq 12
[   11.699740] mousedev: PS/2 mouse device common for all mice
[   11.760128] input: AT Translated Set 2 keyboard as /devices/platform/i8042/serio0/input/input2
[   11.768578] rtc_cmos rtc_cmos: rtc core: registered rtc_cmos as rtc0
[   11.768679] rtc_cmos rtc_cmos: alarms up to one day, 114 bytes nvram
[   11.768695] i2c /dev entries driver
[   11.768705] pcie_mp2_amd: AMD(R) PCI-E MP2 Communication Driver Version: 1.0
[   11.768822] device-mapper: uevent: version 1.0.3
[   11.768924] device-mapper: ioctl: 4.37.0-ioctl (2017-09-20) initialised: dm-devel@redhat.com
[   12.014868] ledtrig-cpu: registered to indicate activity on CPUs
[   12.175995] NET: Registered protocol family 10
[   12.284730] Segment Routing with IPv6
[   12.358959] NET: Registered protocol family 17
[   12.371259] Key type dns_resolver registered
[   12.462144] RAS: Correctable Errors collector initialized.
[   12.552577] sched_clock: Marking stable (12552533666, 0)->(24844049078, -12291515412)
[   12.756048] registered taskstats version 1
[   12.860593] Loading compiled-in X.509 certificates
[   12.902663] Loaded X.509 cert 'Build time autogenerated kernel key: fcd93cd0852f7ae1da10896371e06e3c19479c00'
[   12.923728] zswap: loaded using pool lzo/zbud
[   12.945243] Key type big_key registered
[   12.956312] Key type trusted registered
[   12.971300] Key type encrypted registered
[   13.038795] AppArmor: AppArmor sha1 policy hashing enabled
[   13.155916] ima: No TPM chip found, activating TPM-bypass! (rc=-19)
[   13.246401] ima: Allocated hash algorithm: sha1
[   13.333616] evm: HMACCattrs: 0x1
[   13.381859]   Magic number: 6:248:772
[   13.460675] rtc_cmos rtc_cmos: setting system clock to 2018-10-18 06:46:39 UTC (1539845199)
[   13.619405] BIOS EDD facility v0.16 2004-Jun-25, 0 devices found
[   13.759029] EDD information not available.
[   13.876247] Freeing unused kernel memory: 2408K
[   14.020134] Write protecting the kernel read-only data: 20480k
[   14.035204] Freeing unused kernel memory: 2008K
[   14.050916] Freeing unused kernel memory: 1896K
[   14.077828] x86/mm: Checked W+X mappings: passed, no W+X pages found.
[   14.328861] x86/mm: Checking user space page tables
[   14.494249] x86/mm: Checked W+X mappings: passed, no W+X pages found.
Loading, please wait...
starting version 237
[   14.782963] Fusion MPT base driver 3.04.20
[   14.792415] Copyright (c) 1999-2008 LSI Corporation
[   14.809412] e1000: Intel(R) PRO/1000 Network Driver - version 7.3.21-k8-NAPI
[   14.813260] e1000: Copyright (c) 1999-2006 Intel Corporation.
[   14.818508] AVX2 version of gcm_enc/dec engaged.
[   14.829061] AES CTR mode by8 optimization enabled
[   14.842208] Fusion MPT SPI Host driver 3.04.20
[   15.025405] input: ImExPS/2 Generic Explorer Mouse as /devices/platform/i8042/serio1/input/input4
[   15.298277] e1000 0000:00:03.0 eth0: (PCI:33MHz:32-bit) 02:7c:eb:a0:02:29
[   15.589513] e1000 0000:00:03.0 eth0: Intel(R) PRO/1000 Network Connection
[   15.591995] mptbase: ioc0: Initiating bringup
[   15.804494] ioc0: LSI53C1030 A0: Capabilities={Initiator}
[   16.188998] scsi host2: ioc0: LSI53C1030 A0, FwRev=00000000h, Ports=1, MaxQ=256, IRQ=20
[   16.397818] scsi 2:0:0:0: Direct-Access     VBOX     HARDDISK         1.0  PQ: 0 ANSI: 5
[   16.660438] scsi target2:0:0: Beginning Domain Validation
[   16.733392] scsi target2:0:0: Domain Validation skipping write tests
[   16.763649] scsi target2:0:0: Ending Domain Validation
[   16.765050] scsi target2:0:0: asynchronous
[   16.766535] scsi 2:0:1:0: Direct-Access     VBOX     HARDDISK         1.0  PQ: 0 ANSI: 5
[   17.038587] scsi target2:0:1: Beginning Domain Validation
[   17.065360] e1000 0000:00:08.0 eth1: (PCI:33MHz:32-bit) 08:00:27:64:da:06
[   17.065365] e1000 0000:00:08.0 eth1: Intel(R) PRO/1000 Network Connection
[   17.206240] e1000 0000:00:08.0 enp0s8: renamed from eth1
[   17.212295] random: fast init done
[   17.213184] scsi target2:0:1: Domain Validation skipping write tests
[   17.213185] scsi target2:0:1: Ending Domain Validation
[   17.213241] scsi target2:0:1: asynchronous
[   17.217117] sd 2:0:0:0: Attached scsi generic sg0 type 0
[   17.217252] sd 2:0:1:0: Attached scsi generic sg1 type 0
[   17.217382] random: systemd-udevd: uninitialized urandom read (16 bytes read)
[   17.217399] random: systemd-udevd: uninitialized urandom read (16 bytes read)
[   17.217403] random: systemd-udevd: uninitialized urandom read (16 bytes read)
[   17.218090] sd 2:0:0:0: [sda] 20971520 512-byte logical blocks: (10.7 GB/10.0 GiB)
[   17.218147] sd 2:0:0:0: [sda] Write Protect is off
[   17.218261] sd 2:0:0:0: [sda] Incomplete mode parameter data
[   17.218263] sd 2:0:0:0: [sda] Assuming drive cache: write through
[   17.220376]  sda: sda1
[   17.221028] sd 2:0:0:0: [sda] Attached SCSI disk
[   17.221288] sd 2:0:1:0: [sdb] 20480 512-byte logical blocks: (10.5 MB/10.0 MiB)
[   17.221354] sd 2:0:1:0: [sdb] Write Protect is off
[   17.221493] sd 2:0:1:0: [sdb] Incomplete mode parameter data
[   17.221494] sd 2:0:1:0: [sdb] Assuming drive cache: write through
[   17.224637] sd 2:0:1:0: [sdb] Attached SCSI disk
[   18.456519] e1000 0000:00:03.0 enp0s3: renamed from eth0
Begin: Loading essential drivers ... [   20.988136] raid6: sse2x1   gen()  8656 MB/s
[   21.076043] raid6: sse2x1   xor()  4608 MB/s
[   21.168245] raid6: sse2x2   gen() 10359 MB/s
[   21.264123] raid6: sse2x2   xor()  5626 MB/s
[   21.360122] raid6: sse2x4   gen() 10374 MB/s
[   21.444117] raid6: sse2x4   xor()  7500 MB/s
[   21.544182] raid6: avx2x1   gen() 17378 MB/s
[   21.636157] raid6: avx2x1   xor() 11537 MB/s
[   21.724226] raid6: avx2x2   gen() 17685 MB/s
[   21.776536] raid6: avx2x2   xor() 10662 MB/s
[   21.864214] raid6: avx2x4   gen() 16113 MB/s
[   21.944158] raid6: avx2x4   xor() 13191 MB/s
[   21.984424] raid6: using algorithm avx2x2 gen() 17685 MB/s
[   22.049816] raid6: .... xor() 10662 MB/s, rmw enabled
[   22.101659] raid6: using avx2x2 recovery algorithm
[   22.158113] xor: automatically using best checksumming function   avx       
[   22.250163] async_tx: api initialized (async)
done.
Begin: Running /scripts/init-premount ... done.
Begin: Mounting root file system ... Begin: Running /scripts/local-top ... done.
Begin: Running /scripts/local-premount ... [   22.429685] Btrfs loaded, crc32c=crc32c-intel
Scanning for Btrfs filesystems
done.
Warning: fsck not present, so sk[   22.547606] EXT4-fs (sda1): mounted filesystem with ordered data mode. Opts: (null)
ipping root file system
done.
Begin: Running /scripts/local-bottom ... done.
Begin: Running /scripts/init-bottom ... done.
[   23.015349] ip_tables: (C) 2000-2006 Netfilter Core Team
[   23.107240] systemd[1]: systemd 237 running in system mode. (+PAM +AUDIT +SELINUX +IMA +APPARMOR +SMACK +SYSVINIT +UTMP +LIBCRYPTSETUP +GCRYPT +GNUTLS +ACL +XZ +LZ4 +SECCOMP +BLKID +ELFUTILS +KMOD -IDN2 +IDN -PCRE2 default-hierarchy=hybrid)
[   23.372542] systemd[1]: Detected virtualization oracle.
[   23.373734] systemd[1]: Detected architecture x86-64.

Welcome to [1mUbuntu 18.04.1 LTS[0m!

[   23.418369] systemd[1]: Set hostname to <ubuntu>.
[   23.609813] systemd[1]: Initializing machine ID from random generator.
[   23.778853] systemd[1]: Installed transient /etc/machine-id file.
[   24.492173] systemd[1]: Started Forward Password Requests to Wall Directory Watch.
[[0;32m  OK  [0m] Started Forward Password Requests to Wall Directory Watch.
[   24.752229] systemd[1]: Reached target System Time Synchronized.
[[0;32m  OK  [0m] Reached target System Time Synchronized.
[   24.790743] systemd[1]: Set up automount Arbitrary Executable File Formats File System Automount Point.
[[0;32m  OK  [0m] Set up automount Arbitrary Executab…rmats File System Automount Point.
[   24.794667] systemd[1]: Reached target Swap.
[[0;32m  OK  [0m] Reached target Swap.
[[0;32m  OK  [0m] Created slice System Slice.
[[0;32m  OK  [0m] Listening on udev Control Socket.
[[0;32m  OK  [0m] Listening on LVM2 poll daemon socket.
[[0;32m  OK  [0m] Listening on /dev/initctl Compatibility Named Pipe.
[[0;32m  OK  [0m] Listening on udev Kernel Socket.
[[0;32m  OK  [0m] Listening on Journal Socket (/dev/log).
[[0;32m  OK  [0m] Listening on Journal Socket.
         Mounting Kernel Debug File System...
         Starting udev Coldplug all Devices...
         Starting Set the console keyboard layout...
[[0;32m  OK  [0m] Listening on Journal Audit Socket.
         Mounting POSIX Message Queue File System...
         Starting Create list of required st…ce nodes for the current kernel...
[[0;32m  OK  [0m] Listening on Device-mapper event daemon FIFOs.
         Mounting Huge Pages File System...
[[0;32m  OK  [0m] Listening on Network Service Netlink Socket.
         Starting Load Kernel Modules...
         Startin[   25.293949] random: crng init done
g Remount Root a[   25.302385] random: 7 urandom warning(s) missed due to ratelimiting
nd Kernel File Systems...
[   25.338088] Loading iSCSI transport class v2.0-870.
[   25.429563] EXT4-fs (sda1): re-mounted. Opts: (null)
[[0;32m  OK  [0m] Listening on Syslog Socket.
[   25.441701] iscsi: registered transport (tcp)
         Starting Journal Service...
[[   25.485179] iscsi: registered transport (iser)
[0;32m  OK  [0m] Listening on LVM2 metadata daemon socket.
         Starting Monitoring of LVM2 mirrors…ng dmeventd or progress polling...
         Starting Uncomplicated firewall...
[[0;32m  OK  [0m] Created slice system-serial\x2dgetty.slice.
[[0;32m  OK  [0m] Created slice User and Session Slice.
[[0;32m  OK  [0m] Reached target Slices.
[[0;32m  OK  [0m] Reached target User and Group Name Lookups.
[[0;32m  OK  [0m] Started Journal Service.
[[0;32m  OK  [0m] Mounted Kernel Debug File System.
[[0;32m  OK  [0m] Started Set the console keyboard layout.
[[0;32m  OK  [0m] Mounted POSIX Message Queue File System.
[[0;32m  OK  [0m] Started Create list of required sta…vice nodes for the current kernel.
[[0;32m  OK  [0m] Mounted Huge Pages File System.
[[0;32m  OK  [0m] Started Load Kernel Modules.
[[0;32m  OK  [0m] Started Remount Root and Kernel File Systems.
[[0;32m  OK  [0m] Started Uncomplicated firewall.
[[0;32m  OK  [0m] Started udev Coldplug all Devices.
[[0;32m  OK  [0m] Started LVM2 metadata daemon.
         Starting Initial cloud-init job (pre-networking)...
         Starting Load/Save Random Seed...
         Mounting FUSE Control File System...
         Starting Apply Kernel Variables...
         Mounting Kernel Configuration File System...
         Starting Create Static Device Nodes in /dev...
         Starting Flush Journal to Persistent Storage...
[[0;322  OK  [0m] Started Monitoring of LVM2 mirrors,…sing dmeventd or progress polling.
[[0;32m  OK  [0m] Started Load/Save Random Seed.
[[0;32m  OK  [0m] Mounted FUSE Control File System.
[[0;32m  OK  [0m] Started Apply Kernel Variables.
[[0;32m  OK  [0m] Mounted Kernel Configuration File System.
[[0;32m  OK  [0m] Started Create Static Device Nodes in /dev.
         Starting udev Kernel Device Manager...
[[0;32m  OK  [0m] Reached target Local File Systems (Pre).
[[0;32m  OK  [0m] Reached target Local File Systems.
         Starting Tell Plymouth To Write Out Runtime Data...
         Starting AppArmor initialization...
         Starting ebtables ruleset management...
         Starting Commit a transient machine-id on disk...
         Starting Set console font and keymap...
[[0;32m  OK  [0m] Started Tell Plymouth To Write Out Runtime Data.
[[0;32m  OK  [0m] Started udev Kernel Device Manager.
[[0;32m  OK  [0m] Started Dispatch Password Requests to Console Directory Watch.
[[0;32m  OK  [0m] Reached target Local Encrypted Volumes.
[[0;32m  OK  [0m] Started Set console font and keymap.
[[0;32m  OK  [0m] Started Flush Journal to Persistent Storage.
[[0;32m  OK  [0m] Started Commit a transient machine-id on disk.
         Starting Create Volatile Files and Directories...
[[0;32m  OK  [0m] Started Create Volatile Files and Directories.
         Starting Update UTMP about System Boot/Shutdown...
[[0;32m  OK  [0m] Started ebtables ruleset management.
[[0;32m  OK  [0m] Started Update UTMP about System Boot/Shutdown.
[[0;32m  OK  [0m] Found device /dev/ttyS0.
[[0;32m  OK  [0m] Listening on Load/Save RF Kill Switch Status /dev/rfkill Watch.
[[0;32m  OK  [0m] Started AppArmor initialization.
[   30.482859] cloud-init[405]: Cloud-init v. 18.3-9-g2e62cb8a-0ubuntu1~18.04.2 running 'init-local' at Thu, 18 Oct 2018 06:46:55 +0000. Up 29.88 seconds.
[[0;32m  OK  [0m] Started Initial cloud-init job (pre-networking).
[[0;32m  OK  [0m] Reached target Network (Pre).
         Starting Network Service...
[[0;32m  OK  [0m] Started Network Service.
         Starting Network Name Resolution...
         Starting Wait for Network to be Configured...
[[0;32m  OK  [0m] Started Network Name Resolution.
[[0;32m  OK  [0m] Reached target Host and Network Name Lookups.
[[0;32m  OK  [0m] Reached target Network.
[[0;32m  OK  [0m] Started Wait for Network to be Configured.
         Starting Initial cloud-init job (metadata service crawler)...
[   34.211965] cloud-init[643]: Cloud-init v. 18.3-9-g2e62cb8a-0ubuntu1~18.04.2 running 'init' at Thu, 18 Oct 2018 06:46:58 +0000. Up 32.68 seconds.
[[0;32m  OK  [0m[   34.318045] cloud-init[643]: ci-info: ++++++++++++++++++++++++++++++++++++++Net device info++++++++++++++++++++++++++++++++++++++
] Started Initial cloud-init job (metadata service crawler).
[   34.319117] cloud-init[643]: ci-info: +--------+-------+---------------------------+---------------+--------+-------------------+
[[   34.424277] cloud-init[643]: ci-info: | Device |   Up  |          Address          |      Mask     | Scope  |     Hw-Address    |
[   34.424590] cloud-init[643]: ci-info: +--------+-------+---------------------------+---------------+--------+-------------------+
[0;32m  OK  [0m] Reached target Network is Online.
[   34.425354] cloud-init[643]: ci-info: | enp0s3 |  True |         10.0.2.15         | 255.255.255.0 | global | 02:7c:eb:a0:02:29 |
[[   34.757138] cloud-init[643]: ci-info: | enp0s3 |  True | fe80::7c:ebff:fea0:229/64 |       .       |  link  | 02:7c:eb:a0:02:29 |
[   34.757588] cloud-init[643]: ci-info: | enp0s8 | False |             .             |       .       |   .    | 08:00:27:64:da:06 |
[0;32m  OK  [0m] Reached target Remote File Systems (Pre).
[[   34.758001] cloud-init[643]: ci-info: |   lo   |  True |         127.0.0.1         |   255.0.0.0   |  host  |         .         |
[   34.985409] cloud-init[643]: ci-info: |   lo   |  True |          ::1/128          |       .       |  host  |         .         |
[0;32m  OK  [0m] Reached target Remote File Systems.
[   34.986281] cloud-init[643]: ci-info: +--------+-------+---------------------------+---------------+--------+-------------------+
         [   35.193042] cloud-init[643]: ci-info: ++++++++++++++++++++++++++++Route IPv4 info+++++++++++++++++++++++++++++
[   35.193367] cloud-init[643]: ci-info: +-------+-------------+----------+-----------------+-----------+-------+Starting Availability of block devices...

[   35.193899] cloud-init[643]: ci-info: | Route | Destination | Gateway  |     Genmask     | Interface | Flags |
[   35.261238] cloud-init[643]: ci-info: +-------+-------------+----------+-----------------+-----------+-------+
[[0;32m  OK  [0m] Reached target Cloud-config availability.
[[   35.261453] cloud-init[643]: ci-info: |   0   |   0.0.0.0   | 10.0.2.2 |     0.0.0.0     |   enp0s3  |   UG  |
[   35.433254] cloud-init[643]: ci-info: |   1   |   10.0.2.0  | 0.0.0.0  |  255.255.255.0  |   enp0s3  |   U   |
[0;32m  OK  [0m] Reached target System Initialization.
[   35.433354] cloud-init[643]: ci-info: |   2   |   10.0.2.2  | 0.0.0.0  | 255.255.255.255 |   enp0s3  |   UH  |
[[   35.725074] cloud-init[643]: ci-info: +-------+-------------+----------+-----------------+-----------+-------+
[   35.725446] cloud-init[643]: ci-info: +++++++++++++++++++Route IPv6 info+++++++++++++++++++
[0;32m  OK  [0m] Listening on D-Bus System Message Bus Socket.
[   35.726435] cloud-init[643]: ci-info: +-------+-------------+---------+-----------+-------+
[[   35.968580] cloud-init[643]: ci-info: | Route | Destination | Gateway | Interface | Flags |
[   35.968868] cloud-init[643]: ci-info: +-------+-------------+---------+-----------+-------+
[0;32m  OK  [0m] Listening on UUID daemon activation socket.
[   35.969724] cloud-init[643]: ci-info: |   1   |  fe80::/64  |    ::   |   enp0s3  |   U   |
[[   36.196547] cloud-init[643]: ci-info: |   3   |    local    |    ::   |   enp0s3  |   U   |
[   36.196858] cloud-init[643]: ci-info: |   4   |   ff00::/8  |    ::   |   enp0s3  |   U   |[0;32m  OK  [0m
] Listening on Open-iSCSI iscsid Socket.
[   36.197666] cloud-init[643]: ci-info: +-------+-------------+---------+-----------+-------+
[[0;32m  OK  [0m[   36.360555] ] cloud-initStarted Daily Cleanup of Temporary Directories.[643]: 
Generating public/private rsa key pair.
[[   36.408666] cloud-init[643]: Your identification has been saved in /etc/ssh/ssh_host_rsa_key.
[   36.408930] cloud-init[643]: Your public key has been saved in /etc/ssh/ssh_host_rsa_key.pub.
[0;32m  OK  [0m] Listening on ACPID Listen Socket.
[   36.409282] cloud-init[643]: The key fingerprint is:
         [   36.624447] Starting LXD - unix socket.cloud-init
[643]: SHA256:P6w3k7lI56HYDiMD9EWarN3pPCI26u108pvVIyZSyYg root@ubuntu-bionic
[[   36.728962] cloud-init[643]: The key's randomart image is:
[   36.729270] [0;32m  OK  [0mcloud-init] [643]: Started ACPI Events Check.+---[RSA 2048]----+

[[0;32m  OK  [0m] Reached target Paths.
[[0;32m  OK  [0m] Started Discard unused blocks once a week.
         Starting Socket activation for snappy daemon.
[   36.833628] [cloud-init[0;32m  OK  [0m[643]: ] |      .          |Started Message of the Day.

[[0;32m  OK  [0m] Started Daily apt download activities.
[   36.960889] [cloud-init[0;32m  OK  [0m[643]: ] |   . +           |Started Daily apt upgrade and clean activities.

[[0;32m  OK  [0m] Reached target Timers.
[   36.982612] cloud-init[643]: |  . + .          |
[[0;32m  OK  [0m] Started Availability of block devices.
[   36.989725] [cloud-init[0;32m  OK  [0m[643]: ] | ..+oo..         |Listening on LXD - unix socket.

[[0;32m  OK  [0m] Listening on Socket activation for snappy daemon.
[   37.069204] [cloud-init[0;32m  OK  [0m[643]: ] | Eo.o+o S        |Reached target Sockets.

[[0;32m  OK  [0m] Reached target Basic System.
[   37.090821] cloud-init[643]: |   ..o  .o       |
[[0;32m  OK  [0m] Started irqbalance daemon.
[   37.172820] cloud-init[643]: |  +++o*+.o*o     |
         Starting Permit User Sessions...
[   37.240266] cloud-init[643]: | ooo=+=B.*Bo     |
         Starting Dispatcher daemon for systemd-networkd...
[   37.310666] cloud-init[643]: |o..o +o.*.o+     |
[   37.330411] cloud-init[643]: +----[SHA256]-----+
[[0;32m  OK  [0m] Started D-Bus System Message Bus.
[   37.355110] cloud-init[643]: Generating public/private dsa key pair.
[[0;32m  OK  [0m] Started FUSE filesystem for LXC.
[   37.426904] cloud-init[643]: Your identification has been saved in /etc/ssh/ssh_host_dsa_key.
         [   37.473013] Starting Virtualbox guest utils...cloud-init
[643]: Your public key has been saved in /etc/ssh/ssh_host_dsa_key.pub.
         Starting LSB: Record successful boot for GRUB...
[[   37.538092] cloud-init[643]: The key fingerprint is:
[0;32m  OK  [0m] Started Unattended Upgrades Shutdown.
[   37.573592] cloud-init[643]: SHA256:2bIb/6WlyeXnLXMG+knzZX0HjFuOHPt4zJkgIZxTweE root@ubuntu-bionic
         Starting Login Service...
[   37.665623] cloud-init[643]: The key's randomart image is:
[[0;32m  OK  [0m] Started Deferred execution scheduler.
         Starting Accounts Service...
[   37.701587] cloud-init[643]: +---[DSA 1024]----+
[   37.746813] cloud-init[643]: |         .oo     |
         Starting Snappy daemon...
[   37.768115] cloud-init[643]: |         .o      |
         Starting System Logging Service...
[   37.806810] cloud-init[643]: |       . oE      |
[   37.868591] cloud-init[643]: |        =o.  o   |
         Starting Pollinate to seed the pseudo random number generator...
[   37.911565] cloud-init[643]: |        So..o +  |
         Starting LSB: automatic crash report generation...
[   37.944878] cloud-init[643]: |         o...B...|
[   37.996358] cloud-init[643]: |        o  .==B+*|
[[   38.025010] cloud-init[643]: |         + ..%O=O|
[   38.025435] cloud-init[643]: |        . ..Bo=B+|
[   38.025934] cloud-init[643]: +----[SHA256]-----+
[   38.026365] cloud-init[643]: Generating public/private ecdsa key pair.
[   38.026813] cloud-init[643]: Your identification has been saved in /etc/ssh/ssh_host_ecdsa_key.
[0;32m  OK  [0m] Started Regular background program processing daemon.
         Starting LXD - container startup/shutdown...
[   38.027056] cloud-init[643]: Your public key has been saved in /etc/ssh/ssh_host_ecdsa_key.pub.[[0;32m  OK  [0m] Started Dispatcher daemon for systemd-networkd.

[[0;32m  OK  [0m] Started System Logging Service.
[   38.100333] cloud-init[643]: The key fingerprint is:
[[0;32m  OK  [0m] Started Permit User Sessions.
[   38.148413] cloud-init[643]: SHA256:hKL5jpEJZGDProrRGKJq5MQjgazZud1AvQu4FAPqgsk root@ubuntu-bionic
[   38.302193] cloud-init[643]: The key's randomart image is:
[[0;32m  OK  [0m] Started Login Service.
[   38.313823] cloud-init[643]: +---[ECDSA 256]---+
[   38.337241] cloud-init[643]: |..               |
[   38.417433] cloud-init[643]: |+ o    .         |
[   38.420977] cloud-init[643]: |++ o... .        |
         Starting Authorization Manager...
[   38.433085] cloud-init[643]: |*.+o....         |
         Starting Terminate Plymouth Boot Screen...
[   38.463759] cloud-init[643]: |X=oB   .S        |
         Starting Hold until boot process finishes up...
[   38.516350] cloud-init[643]: |XE*+o .          |
[[0;32m  OK  [0m] Started Hold until boot process finishes up.
[   38.543108] cloud-init[643]: |Xo*+.+ .         |
[[0;32m  OK  [0m] Started LSB: Record successful boot for GRUB.
[   38.554391] cloud-init[643]: |++o+. o          |
[[0;32m  OK  [0m] Started LSB: automatic crash report generation.
[   38.556668] cloud-init[643]: |= . .            |
[[0;32m  OK  [0m] Started Terminate Plymouth Boot Screen.
         Starting Set console scheme...
[[0;32m  OK  [0m] Started Serial Getty on ttyS0.
[[0;32m  OK  [0m] Started Authorization Manager.
[   38.617753] cloud-init[[0;32m  OK  [0m] Started Set console scheme.
[[0;32m  OK  [0m] Started Accounts Service.
[[0;32m  OK  [0m] Created slice system-getty.slice.
[[0;32m  OK  [0m] Started Getty on tty1.
[643]: +----[SHA256]-----+
[[0;32m  OK  [0m] Reached target Login Prompts.
[   38.694464] cloud-init[643]: Generating public/private ed25519 key pair.
[[0;32m  OK  [0m] Started LXD - container startup/shutdown.
[   38.736484] cloud-init[643]: Your identification has been saved in /etc/ssh/ssh_host_ed25519_key.
[   38.844763] cloud-init[643]: Your public key has been saved in /etc/ssh/ssh_host_ed25519_key.pub.
[[0;32m  OK  [0m] Started Snappy daemon.
[   38.917146] cloud-init[643]: The key fingerprint is:
[[0;32m  OK  [0m] Started Virtualbox guest utils.
[   38.962249] cloud-init[643]: SHA256:Sshd/jf8cdvR67w2/pa8AWHpTBiWM3/D1lir+OH3EM4 root@ubuntu-bionic
         Starting Wait until snapd is fully seeded...
[   39.021268] cloud-init[643]: The key's randomart image is:
[   39.048981] cloud-init[643]: +--[ED25519 256]--+
[   39.060066] cloud-init[643]: |           o.    |
[   39.081341] cloud-init[643]: |          .+o . .|
[   39.085245] cloud-init[643]: |        .  .+=.oo|
[   39.086428] cloud-init[643]: |   . o o    =.o*.|
[   39.087534] cloud-init[643]: |    o o S   .+= .|
[   39.088810] cloud-init[643]: |     . . . o =...|
[   39.089926] cloud-init[643]: |      .   . * Eo+|
[   39.091034] cloud-init[643]: |           . =.XB|
[   39.092233] cloud-init[643]: |              *XX|
[   39.093346] cloud-init[643]: +----[SHA256]-----+
[[0;32m  OK  [0m] Started Pollinate to seed the pseudo random number generator.
         Starting OpenBSD Secure Shell server...
[[0;32m  OK  [0m] Started OpenBSD Secure Shell server.
[[0;32m  OK  [0m] Created slice User Slice of vagrant.
         Starting User Manager for UID 1000...
[[0;32m  OK  [0m] Started Session 1 of user vagrant.
[[0;32m  OK  [0m] Started User Manager for UID 1000.

Ubuntu 18.04.1 LTS ubuntu-bionic ttyS0

ubuntu-bionic login: [   45.864134] cloud-init[1472]: Cloud-init v. 18.3-9-g2e62cb8a-0ubuntu1~18.04.2 running 'modules:config' at Thu, 18 Oct 2018 06:47:11 +0000. Up 45.15 seconds.
ci-info: no authorized ssh keys fingerprints found for user ubuntu.
<14>Oct 18 06:47:12 ec2: 
<14>Oct 18 06:47:12 ec2: #############################################################
<14>Oct 18 06:47:12 ec2: -----BEGIN SSH HOST KEY FINGERPRINTS-----
<14>Oct 18 06:47:12 ec2: 1024 SHA256:2bIb/6WlyeXnLXMG+knzZX0HjFuOHPt4zJkgIZxTweE root@ubuntu-bionic (DSA)
<14>Oct 18 06:47:12 ec2: 256 SHA256:hKL5jpEJZGDProrRGKJq5MQjgazZud1AvQu4FAPqgsk root@ubuntu-bionic (ECDSA)
<14>Oct 18 06:47:12 ec2: 256 SHA256:Sshd/jf8cdvR67w2/pa8AWHpTBiWM3/D1lir+OH3EM4 root@ubuntu-bionic (ED25519)
<14>Oct 18 06:47:12 ec2: 2048 SHA256:P6w3k7lI56HYDiMD9EWarN3pPCI26u108pvVIyZSyYg root@ubuntu-bionic (RSA)
<14>Oct 18 06:47:12 ec2: -----END SSH HOST KEY FINGERPRINTS-----
<14>Oct 18 06:47:12 ec2: #############################################################
-----BEGIN SSH HOST KEY KEYS-----
ecdsa-sha2-nistp256 AAAAE2VjZHNhLXNoYTItbmlzdHAyNTYAAAAIbmlzdHAyNTYAAABBBKoxbKwKo49B81Hu1I6z2BWTBL5iqa80Do63mwSbAo09L9Km560vndjTeZSYqTN3nwnn6DExjsWqQhMg3CduFTE= root@ubuntu-bionic
ssh-ed25519 AAAAC3NzaC1lZDI1NTE5AAAAIKgsFYCw0tDHHuOoYVJnvIrjxBEujDHXJqVMv9KQK7We root@ubuntu-bionic
ssh-rsa AAAAB3NzaC1yc2EAAAADAQABAAABAQDzryhT+yJFmgkgae+yuTXycB4jQv1RXCc9Sk/gY2pV7EbfQ0xyyqE6gFTgR8k/la/82iwT9l8M9mbY1v17KkNPC5oR9oDpfEP0LRNgvp8o8Fg9gsZ5FawUNdCUHYA3Q9UfzfVmG4KX/7k/otqtRR/FHR4UUrNurVGoZgWWBfeo86xxPjxPqEz4jcCpNkwurwNNUA3K5hweFu/zFVGLDaJj0VyknzCO9rT3HbiH08NI/LuNUDd/FdYjnkRx99xdAYkbMWfUQIzBz62ON0zdmPA3q8JQwMcg5OgsO0l+5uH6RjuD05wtzXjpwAZCi3XSAwuOZ2xYBxuJGx5RQhf4E8Lr root@ubuntu-bionic
-----END SSH HOST KEY KEYS-----
[   46.707188] cloud-init[1600]: Cloud-init v. 18.3-9-g2e62cb8a-0ubuntu1~18.04.2 running 'modules:final' at Thu, 18 Oct 2018 06:47:12 +0000. Up 46.38 seconds.
[   46.707292] cloud-init[1600]: ci-info: no authorized ssh keys fingerprints found for user ubuntu.
[   46.707358] cloud-init[1600]: Cloud-init v. 18.3-9-g2e62cb8a-0ubuntu1~18.04.2 finished at Thu, 18 Oct 2018 06:47:12 +0000. Datasource DataSourceNoCloud [seed=/dev/sdb][dsmode=net].  Up 46.69 seconds
